Coin_kotlin/app/build/intermediates/manifest_merge_blame_file/release/manifest-merger-blame-release-report.txt
1<?xml version="1.0" encoding="utf-8"?>
2<manifest xmlns:android="http://schemas.android.com/apk/res/android"
3    package="com.coinner.coin_kotlin"
4    android:versionCode="3"
5    android:versionName="1.0" >
6
7    <uses-sdk
8        android:minSdkVersion="26"
8-->src\main\AndroidManifest.xml
9        android:targetSdkVersion="32" />
9-->src\main\AndroidManifest.xml
10
11    <uses-permission android:name="android.permission.INTERNET" />
11-->src\main\AndroidManifest.xml:6:5-67
11-->src\main\AndroidManifest.xml:6:22-64
12    <uses-permission android:name="android.permission.ACCESS_NETWORK_STATE" />
12-->src\main\AndroidManifest.xml:7:5-79
12-->src\main\AndroidManifest.xml:7:22-76
13    <uses-permission android:name="android.permission.WAKE_LOCK" /> <!-- Required by older versions of Google Play services to create IID tokens -->
13-->[com.google.firebase:firebase-messaging:23.0.0] AndroidManifest.xml:23:5-68
13-->[com.google.firebase:firebase-messaging:23.0.0] AndroidManifest.xml:23:22-65
14    <uses-permission android:name="com.google.android.c2dm.permission.RECEIVE" />
14-->[com.google.firebase:firebase-messaging:23.0.0] AndroidManifest.xml:25:5-82
14-->[com.google.firebase:firebase-messaging:23.0.0] AndroidManifest.xml:25:22-79
15    <uses-permission android:name="com.google.android.gms.permission.AD_ID" /> <!-- Android package visibility setting -->
15-->[com.google.android.gms:play-services-ads-lite:20.6.0] AndroidManifest.xml:25:5-79
15-->[com.google.android.gms:play-services-ads-lite:20.6.0] AndroidManifest.xml:25:22-76
16    <queries>
16-->[com.google.android.gms:play-services-ads-lite:20.6.0] AndroidManifest.xml:28:5-44:15
17
18        <!-- For browser content -->
19        <intent>
19-->[com.google.android.gms:play-services-ads-lite:20.6.0] AndroidManifest.xml:31:9-37:18
20            <action android:name="android.intent.action.VIEW" />
20-->[com.google.firebase:firebase-auth:21.0.1] AndroidManifest.xml:34:17-69
20-->[com.google.firebase:firebase-auth:21.0.1] AndroidManifest.xml:34:25-66
21
22            <category android:name="android.intent.category.BROWSABLE" />
22-->[com.google.firebase:firebase-auth:21.0.1] AndroidManifest.xml:37:17-78
22-->[com.google.firebase:firebase-auth:21.0.1] AndroidManifest.xml:37:27-75
23
24            <data android:scheme="https" />
24-->[com.google.firebase:firebase-auth:21.0.1] AndroidManifest.xml:39:17-42:51
24-->[com.google.firebase:firebase-auth:21.0.1] AndroidManifest.xml:42:21-48
25        </intent>
26        <!-- End of browser content -->
27        <!-- For CustomTabsService -->
28        <intent>
28-->[com.google.android.gms:play-services-ads-lite:20.6.0] AndroidManifest.xml:40:9-42:18
29            <action android:name="android.support.customtabs.action.CustomTabsService" />
29-->[com.google.android.gms:play-services-ads-lite:20.6.0] AndroidManifest.xml:41:13-90
29-->[com.google.android.gms:play-services-ads-lite:20.6.0] AndroidManifest.xml:41:21-87
30        </intent>
31        <!-- End of CustomTabsService -->
32    </queries>
33
34    <uses-permission android:name="com.google.android.finsky.permission.BIND_GET_INSTALL_REFERRER_SERVICE" />
34-->[com.google.android.gms:play-services-measurement:20.1.0] AndroidManifest.xml:26:5-110
34-->[com.google.android.gms:play-services-measurement:20.1.0] AndroidManifest.xml:26:22-107
35    <uses-permission android:name="android.permission.RECEIVE_BOOT_COMPLETED" />
35-->[androidx.work:work-runtime:2.7.0] AndroidManifest.xml:27:5-81
35-->[androidx.work:work-runtime:2.7.0] AndroidManifest.xml:27:22-78
36    <uses-permission android:name="android.permission.FOREGROUND_SERVICE" />
36-->[androidx.work:work-runtime:2.7.0] AndroidManifest.xml:28:5-77
36-->[androidx.work:work-runtime:2.7.0] AndroidManifest.xml:28:22-74
37
38    <application
38-->src\main\AndroidManifest.xml:9:5-124:19
39        android:name="com.coinner.coin_kotlin.admob.MyApplication"
39-->src\main\AndroidManifest.xml:10:9-67
40        android:allowBackup="true"
40-->src\main\AndroidManifest.xml:11:9-35
41        android:appComponentFactory="androidx.core.app.CoreComponentFactory"
41-->[androidx.core:core:1.7.0] AndroidManifest.xml:24:18-86
42        android:extractNativeLibs="false"
43        android:hardwareAccelerated="false"
43-->src\main\AndroidManifest.xml:12:9-44
44        android:icon="@mipmap/ic_launcher"
44-->src\main\AndroidManifest.xml:13:9-43
45        android:label="@string/app_name"
45-->src\main\AndroidManifest.xml:14:9-41
46        android:largeHeap="true"
46-->src\main\AndroidManifest.xml:15:9-33
47        android:roundIcon="@mipmap/ic_launcher_round"
47-->src\main\AndroidManifest.xml:16:9-54
48        android:supportsRtl="true"
48-->src\main\AndroidManifest.xml:17:9-35
49        android:theme="@style/Theme.Coin_kotlin"
49-->src\main\AndroidManifest.xml:18:9-49
50        android:usesCleartextTraffic="true" >
50-->src\main\AndroidManifest.xml:19:9-44
51        <activity
51-->src\main\AndroidManifest.xml:20:9-23:40
52            android:name="com.coinner.coin_kotlin.infoactivity.SourceActivity"
52-->src\main\AndroidManifest.xml:21:13-79
53            android:exported="false"
53-->src\main\AndroidManifest.xml:23:13-37
54            android:screenOrientation="portrait" />
54-->src\main\AndroidManifest.xml:22:13-49
55        <activity
55-->src\main\AndroidManifest.xml:24:9-27:40
56            android:name="com.coinner.coin_kotlin.infoactivity.NoticeActivity"
56-->src\main\AndroidManifest.xml:25:13-79
57            android:exported="false"
57-->src\main\AndroidManifest.xml:27:13-37
58            android:screenOrientation="portrait" />
58-->src\main\AndroidManifest.xml:26:13-49
59        <activity
59-->src\main\AndroidManifest.xml:28:9-31:40
60            android:name="com.coinner.coin_kotlin.infoactivity.PolicyActivity"
60-->src\main\AndroidManifest.xml:29:13-79
61            android:exported="false"
61-->src\main\AndroidManifest.xml:31:13-37
62            android:screenOrientation="portrait" />
62-->src\main\AndroidManifest.xml:30:13-49
63        <activity
63-->src\main\AndroidManifest.xml:32:9-35:40
64            android:name="com.coinner.coin_kotlin.infoactivity.AlarmSettingActivity"
64-->src\main\AndroidManifest.xml:33:13-85
65            android:exported="false"
65-->src\main\AndroidManifest.xml:35:13-37
66            android:screenOrientation="portrait" />
66-->src\main\AndroidManifest.xml:34:13-49
67        <activity
67-->src\main\AndroidManifest.xml:36:9-39:40
68            android:name="com.coinner.coin_kotlin.activity.AlarmActivity"
68-->src\main\AndroidManifest.xml:37:13-74
69            android:exported="false"
69-->src\main\AndroidManifest.xml:39:13-37
70            android:screenOrientation="portrait" />
70-->src\main\AndroidManifest.xml:38:13-49
71
72        <uses-library
72-->src\main\AndroidManifest.xml:41:9-43:40
73            android:name="org.apache.http.legacy"
73-->src\main\AndroidManifest.xml:42:13-50
74            android:required="false" />
74-->src\main\AndroidManifest.xml:43:13-37
75
76        <meta-data
76-->src\main\AndroidManifest.xml:45:9-47:45
77            android:name="com.google.android.gms.ads.APPLICATION_ID"
77-->src\main\AndroidManifest.xml:46:13-69
78            android:value="@string/adKey" />
78-->src\main\AndroidManifest.xml:47:13-42
79
80        <service
80-->src\main\AndroidManifest.xml:49:9-55:19
81            android:name="com.coinner.coin_kotlin.model.MyFirebaseMessagingService"
81-->src\main\AndroidManifest.xml:50:13-84
82            android:exported="false" >
82-->src\main\AndroidManifest.xml:51:13-37
83            <intent-filter>
83-->src\main\AndroidManifest.xml:52:13-54:29
84                <action android:name="com.google.firebase.MESSAGING_EVENT" />
84-->src\main\AndroidManifest.xml:53:17-78
84-->src\main\AndroidManifest.xml:53:25-75
85            </intent-filter>
86        </service>
87
88        <meta-data
88-->src\main\AndroidManifest.xml:57:9-59:71
89            android:name="com.google.firebase.messaging.default_notification_channel_id"
89-->src\main\AndroidManifest.xml:58:13-89
90            android:value="@string/default_notification_channel_id" />
90-->src\main\AndroidManifest.xml:59:13-68
91        <meta-data
91-->src\main\AndroidManifest.xml:60:9-62:52
92            android:name="com.google.firebase.messaging.default_notification_icon"
92-->src\main\AndroidManifest.xml:61:13-83
93            android:resource="@drawable/ic_icon" />
93-->src\main\AndroidManifest.xml:62:13-49
94        <!--
95 Set color used with incoming notification messages. This is used when no color is set for the incoming
96             notification message. See README(https://goo.gl/6BKBk7) for more.
97        -->
98        <meta-data
98-->src\main\AndroidManifest.xml:67:9-69:47
99            android:name="com.google.firebase.messaging.default_notification_color"
99-->src\main\AndroidManifest.xml:68:13-84
100            android:resource="@color/night" />
100-->src\main\AndroidManifest.xml:69:13-44
101
102        <activity
102-->src\main\AndroidManifest.xml:71:9-80:20
103            android:name="com.coinner.coin_kotlin.activity.AdmobActivity"
103-->src\main\AndroidManifest.xml:72:13-74
104            android:exported="true"
104-->src\main\AndroidManifest.xml:74:13-36
105            android:screenOrientation="portrait" >
105-->src\main\AndroidManifest.xml:73:13-49
106            <intent-filter>
106-->src\main\AndroidManifest.xml:75:13-79:29
107                <action android:name="android.intent.action.MAIN" />
107-->src\main\AndroidManifest.xml:76:17-69
107-->src\main\AndroidManifest.xml:76:25-66
108
109                <category android:name="android.intent.category.LAUNCHER" />
109-->src\main\AndroidManifest.xml:78:17-77
109-->src\main\AndroidManifest.xml:78:27-74
110            </intent-filter>
111        </activity>
112        <activity
112-->src\main\AndroidManifest.xml:81:9-84:39
113            android:name="com.coinner.coin_kotlin.infoactivity.MypostActivity"
113-->src\main\AndroidManifest.xml:82:13-79
114            android:exported="true"
114-->src\main\AndroidManifest.xml:84:13-36
115            android:screenOrientation="portrait" />
115-->src\main\AndroidManifest.xml:83:13-49
116        <activity
116-->src\main\AndroidManifest.xml:85:9-88:70
117            android:name="com.coinner.coin_kotlin.infoactivity.ChangeNicknameActivity"
117-->src\main\AndroidManifest.xml:86:13-87
118            android:exported="true"
118-->src\main\AndroidManifest.xml:87:13-36
119            android:theme="@android:style/Theme.Holo.Light.Dialog" />
119-->src\main\AndroidManifest.xml:88:13-67
120        <activity
120-->src\main\AndroidManifest.xml:89:9-92:39
121            android:name="com.coinner.coin_kotlin.infoactivity.InfoActivity"
121-->src\main\AndroidManifest.xml:90:13-77
122            android:exported="true"
122-->src\main\AndroidManifest.xml:92:13-36
123            android:screenOrientation="portrait" />
123-->src\main\AndroidManifest.xml:91:13-49
124        <activity
124-->src\main\AndroidManifest.xml:93:9-96:39
125            android:name="com.coinner.coin_kotlin.activity.LoginActivity"
125-->src\main\AndroidManifest.xml:94:13-74
126            android:exported="true"
126-->src\main\AndroidManifest.xml:96:13-36
127            android:screenOrientation="portrait" />
127-->src\main\AndroidManifest.xml:95:13-49
128        <activity
128-->src\main\AndroidManifest.xml:89:9-92:39
129            android:name="com.coinner.coin_kotlin.infoactivity.InfoActivity"
129-->src\main\AndroidManifest.xml:90:13-77
130            android:exported="true"
130-->src\main\AndroidManifest.xml:92:13-36
131            android:screenOrientation="portrait" />
131-->src\main\AndroidManifest.xml:91:13-49
132        <activity
132-->src\main\AndroidManifest.xml:102:9-105:39
133            android:name="com.coinner.coin_kotlin.activity.SearchActivity"
133-->src\main\AndroidManifest.xml:103:13-75
134            android:exported="true"
134-->src\main\AndroidManifest.xml:105:13-36
135            android:screenOrientation="portrait" />
135-->src\main\AndroidManifest.xml:104:13-49
136        <activity
136-->src\main\AndroidManifest.xml:106:9-110:46
137            android:name="com.coinner.coin_kotlin.activity.PostActivity"
137-->src\main\AndroidManifest.xml:107:13-73
138            android:exported="true"
138-->src\main\AndroidManifest.xml:109:13-36
139            android:launchMode="singleTop"
139-->src\main\AndroidManifest.xml:110:13-43
140            android:screenOrientation="portrait" />
140-->src\main\AndroidManifest.xml:108:13-49
141        <activity
141-->src\main\AndroidManifest.xml:111:9-114:39
142            android:name="com.coinner.coin_kotlin.activity.WriteActivity"
142-->src\main\AndroidManifest.xml:112:13-74
143            android:exported="true"
143-->src\main\AndroidManifest.xml:114:13-36
144            android:screenOrientation="portrait" />
144-->src\main\AndroidManifest.xml:113:13-49
145        <activity
145-->src\main\AndroidManifest.xml:115:9-118:39
146            android:name="com.coinner.coin_kotlin.activity.BoardActivity"
146-->src\main\AndroidManifest.xml:116:13-74
147            android:exported="true"
147-->src\main\AndroidManifest.xml:118:13-36
148            android:screenOrientation="portrait" />
148-->src\main\AndroidManifest.xml:117:13-49
149        <activity
149-->src\main\AndroidManifest.xml:119:9-123:46
150            android:name="com.coinner.coin_kotlin.activity.MainActivity"
150-->src\main\AndroidManifest.xml:120:13-73
151            android:exported="true"
151-->src\main\AndroidManifest.xml:122:13-36
152            android:launchMode="singleTop"
152-->src\main\AndroidManifest.xml:123:13-43
153            android:screenOrientation="portrait" />
153-->src\main\AndroidManifest.xml:121:13-49
154        <activity
154-->[com.google.android.gms:play-services-oss-licenses:17.0.0] AndroidManifest.xml:23:9-25:57
155            android:name="com.google.android.gms.oss.licenses.OssLicensesMenuActivity"
155-->[com.google.android.gms:play-services-oss-licenses:17.0.0] AndroidManifest.xml:24:13-87
156            android:label="@string/oss_license_title" />
156-->[com.google.android.gms:play-services-oss-licenses:17.0.0] AndroidManifest.xml:25:13-54
157        <activity android:name="com.google.android.gms.oss.licenses.OssLicensesActivity" />
157-->[com.google.android.gms:play-services-oss-licenses:17.0.0] AndroidManifest.xml:26:9-92
157-->[com.google.android.gms:play-services-oss-licenses:17.0.0] AndroidManifest.xml:26:19-89
158        <activity
158-->[com.google.android.gms:play-services-auth:20.1.0] AndroidManifest.xml:23:9-27:75
159            android:name="com.google.android.gms.auth.api.signin.internal.SignInHubActivity"
159-->[com.google.android.gms:play-services-auth:20.1.0] AndroidManifest.xml:24:13-93
160            android:excludeFromRecents="true"
160-->[com.google.android.gms:play-services-auth:20.1.0] AndroidManifest.xml:25:13-46
161            android:exported="false"
161-->[com.google.android.gms:play-services-auth:20.1.0] AndroidManifest.xml:26:13-37
162            android:theme="@android:style/Theme.Translucent.NoTitleBar" />
162-->[com.google.android.gms:play-services-auth:20.1.0] AndroidManifest.xml:27:13-72
163        <!--
164            Service handling Google Sign-In user revocation. For apps that do not integrate with
165            Google Sign-In, this service will never be started.
166        -->
167        <service
167-->[com.google.android.gms:play-services-auth:20.1.0] AndroidManifest.xml:33:9-37:51
168            android:name="com.google.android.gms.auth.api.signin.RevocationBoundService"
168-->[com.google.android.gms:play-services-auth:20.1.0] AndroidManifest.xml:34:13-89
169            android:exported="true"
169-->[com.google.android.gms:play-services-auth:20.1.0] AndroidManifest.xml:35:13-36
170            android:permission="com.google.android.gms.auth.api.signin.permission.REVOCATION_NOTIFICATION"
170-->[com.google.android.gms:play-services-auth:20.1.0] AndroidManifest.xml:36:13-107
171            android:visibleToInstantApps="true" />
171-->[com.google.android.gms:play-services-auth:20.1.0] AndroidManifest.xml:37:13-48
172        <service
172-->[com.google.firebase:firebase-analytics-ktx:20.1.0] AndroidManifest.xml:8:9-14:19
173            android:name="com.google.firebase.components.ComponentDiscoveryService"
173-->[com.google.firebase:firebase-analytics-ktx:20.1.0] AndroidManifest.xml:9:13-84
174            android:directBootAware="true"
174-->[com.google.firebase:firebase-common:20.0.0] AndroidManifest.xml:35:13-43
175            android:exported="false" >
175-->[com.google.firebase:firebase-analytics-ktx:20.1.0] AndroidManifest.xml:10:13-37
176            <meta-data
176-->[com.google.firebase:firebase-analytics-ktx:20.1.0] AndroidManifest.xml:11:13-13:85
177                android:name="com.google.firebase.components:com.google.firebase.analytics.ktx.FirebaseAnalyticsKtxRegistrar"
177-->[com.google.firebase:firebase-analytics-ktx:20.1.0] AndroidManifest.xml:12:17-126
178                android:value="com.google.firebase.components.ComponentRegistrar" />
178-->[com.google.firebase:firebase-analytics-ktx:20.1.0] AndroidManifest.xml:13:17-82
179            <meta-data
179-->[com.google.firebase:firebase-auth:21.0.1] AndroidManifest.xml:77:13-79:85
180                android:name="com.google.firebase.components:com.google.firebase.auth.FirebaseAuthRegistrar"
180-->[com.google.firebase:firebase-auth:21.0.1] AndroidManifest.xml:78:17-109
181                android:value="com.google.firebase.components.ComponentRegistrar" />
181-->[com.google.firebase:firebase-auth:21.0.1] AndroidManifest.xml:79:17-82
182            <meta-data
182-->[com.google.firebase:firebase-messaging:23.0.0] AndroidManifest.xml:52:13-54:85
183                android:name="com.google.firebase.components:com.google.firebase.messaging.FirebaseMessagingRegistrar"
183-->[com.google.firebase:firebase-messaging:23.0.0] AndroidManifest.xml:53:17-119
184                android:value="com.google.firebase.components.ComponentRegistrar" />
184-->[com.google.firebase:firebase-messaging:23.0.0] AndroidManifest.xml:54:17-82
185            <meta-data
185-->[com.google.firebase:firebase-datatransport:18.0.0] AndroidManifest.xml:28:13-30:85
186                android:name="com.google.firebase.components:com.google.firebase.datatransport.TransportRegistrar"
186-->[com.google.firebase:firebase-datatransport:18.0.0] AndroidManifest.xml:29:17-115
187                android:value="com.google.firebase.components.ComponentRegistrar" />
187-->[com.google.firebase:firebase-datatransport:18.0.0] AndroidManifest.xml:30:17-82
188            <meta-data
188-->[com.google.android.gms:play-services-measurement-api:20.1.0] AndroidManifest.xml:30:13-32:85
189                android:name="com.google.firebase.components:com.google.firebase.analytics.connector.internal.AnalyticsConnectorRegistrar"
189-->[com.google.android.gms:play-services-measurement-api:20.1.0] AndroidManifest.xml:31:17-139
190                android:value="com.google.firebase.components.ComponentRegistrar" />
190-->[com.google.android.gms:play-services-measurement-api:20.1.0] AndroidManifest.xml:32:17-82
191            <meta-data
191-->[com.google.firebase:firebase-installations:17.0.0] AndroidManifest.xml:18:13-20:85
192                android:name="com.google.firebase.components:com.google.firebase.installations.FirebaseInstallationsRegistrar"
192-->[com.google.firebase:firebase-installations:17.0.0] AndroidManifest.xml:19:17-127
193                android:value="com.google.firebase.components.ComponentRegistrar" />
193-->[com.google.firebase:firebase-installations:17.0.0] AndroidManifest.xml:20:17-82
194            <meta-data
194-->[com.google.firebase:firebase-common-ktx:20.0.0] AndroidManifest.xml:15:13-17:85
195                android:name="com.google.firebase.components:com.google.firebase.ktx.FirebaseCommonKtxRegistrar"
195-->[com.google.firebase:firebase-common-ktx:20.0.0] AndroidManifest.xml:16:17-113
196                android:value="com.google.firebase.components.ComponentRegistrar" />
196-->[com.google.firebase:firebase-common-ktx:20.0.0] AndroidManifest.xml:17:17-82
197        </service>
198
199        <activity
199-->[com.google.firebase:firebase-auth:21.0.1] AndroidManifest.xml:27:9-44:20
200            android:name="com.google.firebase.auth.internal.GenericIdpActivity"
200-->[com.google.firebase:firebase-auth:21.0.1] AndroidManifest.xml:28:13-80
201            android:excludeFromRecents="true"
201-->[com.google.firebase:firebase-auth:21.0.1] AndroidManifest.xml:29:13-46
202            android:exported="true"
202-->[com.google.firebase:firebase-auth:21.0.1] AndroidManifest.xml:30:13-36
203            android:launchMode="singleTask"
203-->[com.google.firebase:firebase-auth:21.0.1] AndroidManifest.xml:31:13-44
204            android:theme="@android:style/Theme.Translucent.NoTitleBar" >
204-->[com.google.firebase:firebase-auth:21.0.1] AndroidManifest.xml:32:13-72
205            <intent-filter>
205-->[com.google.firebase:firebase-auth:21.0.1] AndroidManifest.xml:33:13-43:29
206                <action android:name="android.intent.action.VIEW" />
206-->[com.google.firebase:firebase-auth:21.0.1] AndroidManifest.xml:34:17-69
206-->[com.google.firebase:firebase-auth:21.0.1] AndroidManifest.xml:34:25-66
207
208                <category android:name="android.intent.category.DEFAULT" />
208-->[com.google.firebase:firebase-auth:21.0.1] AndroidManifest.xml:36:17-76
208-->[com.google.firebase:firebase-auth:21.0.1] AndroidManifest.xml:36:27-73
209                <category android:name="android.intent.category.BROWSABLE" />
209-->[com.google.firebase:firebase-auth:21.0.1] AndroidManifest.xml:37:17-78
209-->[com.google.firebase:firebase-auth:21.0.1] AndroidManifest.xml:37:27-75
210
211                <data
211-->[com.google.firebase:firebase-auth:21.0.1] AndroidManifest.xml:39:17-42:51
212                    android:host="firebase.auth"
212-->[com.google.firebase:firebase-auth:21.0.1] AndroidManifest.xml:40:21-49
213                    android:path="/"
213-->[com.google.firebase:firebase-auth:21.0.1] AndroidManifest.xml:41:21-37
214                    android:scheme="genericidp" />
214-->[com.google.firebase:firebase-auth:21.0.1] AndroidManifest.xml:42:21-48
215            </intent-filter>
216        </activity>
217        <activity
217-->[com.google.firebase:firebase-auth:21.0.1] AndroidManifest.xml:45:9-62:20
218            android:name="com.google.firebase.auth.internal.RecaptchaActivity"
218-->[com.google.firebase:firebase-auth:21.0.1] AndroidManifest.xml:46:13-79
219            android:excludeFromRecents="true"
219-->[com.google.firebase:firebase-auth:21.0.1] AndroidManifest.xml:47:13-46
220            android:exported="true"
220-->[com.google.firebase:firebase-auth:21.0.1] AndroidManifest.xml:48:13-36
221            android:launchMode="singleTask"
221-->[com.google.firebase:firebase-auth:21.0.1] AndroidManifest.xml:49:13-44
222            android:theme="@android:style/Theme.Translucent.NoTitleBar" >
222-->[com.google.firebase:firebase-auth:21.0.1] AndroidManifest.xml:50:13-72
223            <intent-filter>
223-->[com.google.firebase:firebase-auth:21.0.1] AndroidManifest.xml:51:13-61:29
224                <action android:name="android.intent.action.VIEW" />
224-->[com.google.firebase:firebase-auth:21.0.1] AndroidManifest.xml:34:17-69
224-->[com.google.firebase:firebase-auth:21.0.1] AndroidManifest.xml:34:25-66
225
226                <category android:name="android.intent.category.DEFAULT" />
226-->[com.google.firebase:firebase-auth:21.0.1] AndroidManifest.xml:36:17-76
226-->[com.google.firebase:firebase-auth:21.0.1] AndroidManifest.xml:36:27-73
227                <category android:name="android.intent.category.BROWSABLE" />
227-->[com.google.firebase:firebase-auth:21.0.1] AndroidManifest.xml:37:17-78
227-->[com.google.firebase:firebase-auth:21.0.1] AndroidManifest.xml:37:27-75
228
229                <data
229-->[com.google.firebase:firebase-auth:21.0.1] AndroidManifest.xml:39:17-42:51
230                    android:host="firebase.auth"
230-->[com.google.firebase:firebase-auth:21.0.1] AndroidManifest.xml:40:21-49
231                    android:path="/"
231-->[com.google.firebase:firebase-auth:21.0.1] AndroidManifest.xml:41:21-37
232                    android:scheme="recaptcha" />
232-->[com.google.firebase:firebase-auth:21.0.1] AndroidManifest.xml:42:21-48
233            </intent-filter>
234        </activity>
235
236        <service
236-->[com.google.firebase:firebase-auth:21.0.1] AndroidManifest.xml:64:9-73:19
237            android:name="com.google.firebase.auth.api.fallback.service.FirebaseAuthFallbackService"
237-->[com.google.firebase:firebase-auth:21.0.1] AndroidManifest.xml:65:13-101
238            android:enabled="true"
238-->[com.google.firebase:firebase-auth:21.0.1] AndroidManifest.xml:66:13-35
239            android:exported="false" >
239-->[com.google.firebase:firebase-auth:21.0.1] AndroidManifest.xml:67:13-37
240            <intent-filter>
240-->[com.google.firebase:firebase-auth:21.0.1] AndroidManifest.xml:68:13-72:29
241                <action android:name="com.google.firebase.auth.api.gms.service.START" />
241-->[com.google.firebase:firebase-auth:21.0.1] AndroidManifest.xml:69:17-89
241-->[com.google.firebase:firebase-auth:21.0.1] AndroidManifest.xml:69:25-86
242
243                <category android:name="android.intent.category.DEFAULT" />
243-->[com.google.firebase:firebase-auth:21.0.1] AndroidManifest.xml:36:17-76
243-->[com.google.firebase:firebase-auth:21.0.1] AndroidManifest.xml:36:27-73
244            </intent-filter>
245        </service>
246
247        <receiver
247-->[com.google.firebase:firebase-messaging:23.0.0] AndroidManifest.xml:28:9-35:20
248            android:name="com.google.firebase.iid.FirebaseInstanceIdReceiver"
248-->[com.google.firebase:firebase-messaging:23.0.0] AndroidManifest.xml:29:13-78
249            android:exported="true"
249-->[com.google.firebase:firebase-messaging:23.0.0] AndroidManifest.xml:30:13-36
250            android:permission="com.google.android.c2dm.permission.SEND" >
250-->[com.google.firebase:firebase-messaging:23.0.0] AndroidManifest.xml:31:13-73
251            <intent-filter>
251-->[com.google.firebase:firebase-messaging:23.0.0] AndroidManifest.xml:32:13-34:29
252                <action android:name="com.google.android.c2dm.intent.RECEIVE" />
252-->[com.google.firebase:firebase-messaging:23.0.0] AndroidManifest.xml:33:17-81
252-->[com.google.firebase:firebase-messaging:23.0.0] AndroidManifest.xml:33:25-78
253            </intent-filter>
254        </receiver>
255        <!--
256             FirebaseMessagingService performs security checks at runtime,
257             but set to not exported to explicitly avoid allowing another app to call it.
258        -->
259        <service
259-->[com.google.firebase:firebase-messaging:23.0.0] AndroidManifest.xml:41:9-48:19
260            android:name="com.google.firebase.messaging.FirebaseMessagingService"
260-->[com.google.firebase:firebase-messaging:23.0.0] AndroidManifest.xml:42:13-82
261            android:directBootAware="true"
261-->[com.google.firebase:firebase-messaging:23.0.0] AndroidManifest.xml:43:13-43
262            android:exported="false" >
262-->[com.google.firebase:firebase-messaging:23.0.0] AndroidManifest.xml:44:13-37
263            <intent-filter android:priority="-500" >
263-->src\main\AndroidManifest.xml:52:13-54:29
264                <action android:name="com.google.firebase.MESSAGING_EVENT" />
264-->src\main\AndroidManifest.xml:53:17-78
264-->src\main\AndroidManifest.xml:53:25-75
265            </intent-filter>
266        </service>
267
268        <activity
268-->[com.google.android.gms:play-services-base:18.0.1] AndroidManifest.xml:20:9-22:45
269            android:name="com.google.android.gms.common.api.GoogleApiActivity"
269-->[com.google.android.gms:play-services-base:18.0.1] AndroidManifest.xml:20:19-85
270            android:exported="false"
270-->[com.google.android.gms:play-services-base:18.0.1] AndroidManifest.xml:22:19-43
271            android:theme="@android:style/Theme.Translucent.NoTitleBar" />
271-->[com.google.android.gms:play-services-base:18.0.1] AndroidManifest.xml:21:19-78
272
273        <provider
273-->[com.google.firebase:firebase-common:20.0.0] AndroidManifest.xml:26:9-31:39
274            android:name="com.google.firebase.provider.FirebaseInitProvider"
274-->[com.google.firebase:firebase-common:20.0.0] AndroidManifest.xml:27:13-77
275            android:authorities="com.coinner.coin_kotlin.firebaseinitprovider"
275-->[com.google.firebase:firebase-common:20.0.0] AndroidManifest.xml:28:13-72
276            android:directBootAware="true"
276-->[com.google.firebase:firebase-common:20.0.0] AndroidManifest.xml:29:13-43
277            android:exported="false"
277-->[com.google.firebase:firebase-common:20.0.0] AndroidManifest.xml:30:13-37
278            android:initOrder="100" /> <!-- Include the AdActivity and InAppPurchaseActivity configChanges and themes. -->
278-->[com.google.firebase:firebase-common:20.0.0] AndroidManifest.xml:31:13-36
279        <activity
279-->[com.google.android.gms:play-services-ads-lite:20.6.0] AndroidManifest.xml:49:9-53:64
280            android:name="com.google.android.gms.ads.AdActivity"
280-->[com.google.android.gms:play-services-ads-lite:20.6.0] AndroidManifest.xml:50:13-65
281            android:configChanges="keyboard|keyboardHidden|orientation|screenLayout|uiMode|screenSize|smallestScreenSize"
281-->[com.google.android.gms:play-services-ads-lite:20.6.0] AndroidManifest.xml:51:13-122
282            android:exported="false"
282-->[com.google.android.gms:play-services-ads-lite:20.6.0] AndroidManifest.xml:52:13-37
283            android:theme="@android:style/Theme.Translucent" />
283-->[com.google.android.gms:play-services-ads-lite:20.6.0] AndroidManifest.xml:53:13-61
284
285        <provider